<?xml version="1.0" encoding="UTF-8"?>
<testsuites>
    <testsuite name="force.apex" timestamp="2019-02-14T11:39:38-05:00" hostname="https://cunning-wolf-o6daju-dev-ed.my.salesforce.com" tests="1" failures="0"  errors="0"  time="0.02">
        <properties>
            <property name="outcome" value="Passed"/>
            <property name="testsRan" value="1"/>
            <property name="passing" value="1"/>
            <property name="failing" value="0"/>
            <property name="skipped" value="0"/>
            <property name="passRate" value="100%"/>
            <property name="failRate" value="0%"/>
            <property name="testStartTime" value="Feb 14, 2019 11:39 AM"/>
            <property name="testExecutionTime" value="0.02 s"/>
            <property name="testTotalTime" value="0.02 s"/>
            <property name="commandTime" value="7.08 s"/>
            <property name="hostname" value="https://cunning-wolf-o6daju-dev-ed.my.salesforce.com"/>
            <property name="orgId" value="00D1U000000xFcYUAU"/>
            <property name="username" value="evanstrohm@cunning-wolf-o6daju.com"/>
            <property name="testRunId" value="7071U00000OhKhJ"/>
            <property name="userId" value="0051U000003CWKyQAO"/>
            <property name="testRunCoverage" value="12%"/>
            <property name="orgWideCoverage" value="9%"/>
        </properties>
        <testcase name="TestFibonacciGood" classname="ApexP0ExercisesTest" time="0.02">
        </testcase>
    </testsuite>
</testsuites>
